Using pre-set license
Built from '2020.2/staging' branch; Version is '2020.2.6f1 (8a2143876886) revision 9052483'; Using compiler version '192528614'; Build Type 'Release'
OS: 'Windows 10 Pro; OS build 19041.388; Version 2004; 64bit' Language: 'ko' Physical Memory: 16315 MB
BatchMode: 1, IsHumanControllingUs: 0, StartBugReporterOnCrash: 0, Is64bit: 1, IsPro: 0

 COMMAND LINE ARGUMENTS:
C:\Program Files\Unity\Hub\Editor\2020.2.6f1\Editor\Unity.exe
-adb2
-batchMode
-noUpm
-name
AssetImportWorker0
-projectPath
D:/UnityProject/PuzzleDoodle
-logFile
Logs/AssetImportWorker0.log
-srvPort
13542
Successfully changed project path to: D:/UnityProject/PuzzleDoodle
D:/UnityProject/PuzzleDoodle
Using Asset Import Pipeline V2.
Refreshing native plugins compatible for Editor in 82.60 ms, found 0 plugins.
Preloading 0 native plugins for Editor in 0.00 ms.
Initialize engine version: 2020.2.6f1 (8a2143876886)
[Subsystems] Discovering subsystems at path C:/Program Files/Unity/Hub/Editor/2020.2.6f1/Editor/Data/Resources/UnitySubsystems
[Subsystems] Discovering subsystems at path D:/UnityProject/PuzzleDoodle/Assets
GfxDevice: creating device client; threaded=0
Direct3D:
    Version:  Direct3D 11.0 [level 11.1]
    Renderer: NVIDIA GeForce GTX 1660 Ti (ID=0x2182)
    Vendor:   
    VRAM:     5991 MB
    Driver:   27.21.14.5671
Initialize mono
Mono path[0] = 'C:/Program Files/Unity/Hub/Editor/2020.2.6f1/Editor/Data/Managed'
Mono path[1] = 'C:/Program Files/Unity/Hub/Editor/2020.2.6f1/Editor/Data/MonoBleedingEdge/lib/mono/unityjit'
Mono config path = 'C:/Program Files/Unity/Hub/Editor/2020.2.6f1/Editor/Data/MonoBleedingEdge/etc'
Using monoOptions --debugger-agent=transport=dt_socket,embedding=1,server=y,suspend=n,address=127.0.0.1:56932
Begin MonoManager ReloadAssembly
Registering precompiled unity dll's ...
Register platform support module: C:/Program Files/Unity/Hub/Editor/2020.2.6f1/Editor/Data/PlaybackEngines/WindowsStandaloneSupport/UnityEditor.WindowsStandalone.Extensions.dll
Registered in 0.002403 seconds.
Native extension for WindowsStandalone target not found
Refreshing native plugins compatible for Editor in 69.20 ms, found 0 plugins.
Preloading 0 native plugins for Editor in 0.00 ms.
Invoked RoslynAnalysisRunner static constructor.
RoslynAnalysisRunner will not be running.
RoslynAnalysisRunner has terminated.
Mono: successfully reloaded assembly
- Completed reload, in  1.953 seconds
Platform modules already initialized, skipping
Registering precompiled user dll's ...
Registered in 0.009532 seconds.
Begin MonoManager ReloadAssembly
Native extension for WindowsStandalone target not found
Refreshing native plugins compatible for Editor in 67.34 ms, found 0 plugins.
Preloading 0 native plugins for Editor in 0.00 ms.
Invoked RoslynAnalysisRunner static constructor.
RoslynAnalysisRunner will not be running.
RoslynAnalysisRunner has terminated.
Mono: successfully reloaded assembly
- Completed reload, in  1.008 seconds
Platform modules already initialized, skipping
========================================================================
Worker process is ready to serve import requests
Launched and connected shader compiler UnityShaderCompiler.exe after 0.06 seconds
Refreshing native plugins compatible for Editor in 1.87 ms, found 0 plugins.
Preloading 0 native plugins for Editor in 0.00 ms.
Unloading 3224 Unused Serialized files (Serialized files now loaded: 0)
System memory in use before: 193.7 MB.
System memory in use after: 193.7 MB.

Unloading 117 unused Assets to reduce memory usage. Loaded Objects now: 3718.
Total: 2.362000 ms (FindLiveObjects: 0.330600 ms CreateObjectMapping: 0.087300 ms MarkObjects: 1.831100 ms  DeleteObjects: 0.112300 ms)

========================================================================
Received Import Request.
  path: Assets/01.Scripts/Data/StageData.cs
  artifactKey: Guid(71d5029b4b5a74b43bcc83765d501780) Importer(815301076,1909f56bfc062723c751e8b465ee728b)
Start importing Assets/01.Scripts/Data/StageData.cs using Guid(71d5029b4b5a74b43bcc83765d501780) Importer(815301076,1909f56bfc062723c751e8b465ee728b)  -> (artifact id: 'fc3292c442a84d72f0b7c7276760fda3') in 0.042163 seconds
  Import took 0.068043 seconds .

========================================================================
Received Import Request.
  Time since last request: 0.000253 seconds.
  path: Assets/01.Scripts/Data/Setting
  artifactKey: Guid(75f4d309b00a4d74e8d84d99f5908e1c) Importer(815301076,1909f56bfc062723c751e8b465ee728b)
Start importing Assets/01.Scripts/Data/Setting using Guid(75f4d309b00a4d74e8d84d99f5908e1c) Importer(815301076,1909f56bfc062723c751e8b465ee728b)  -> (artifact id: 'b862ab8c9f1ad80f059d590cf9909d34') in 0.008407 seconds
  Import took 0.024474 seconds .

========================================================================
Received Import Request.
  Time since last request: 10.166627 seconds.
  path: Assets/01.Scripts/Game/GameManager.cs
  artifactKey: Guid(b4efd902d665c5f4f976b5952eefc81d) Importer(815301076,1909f56bfc062723c751e8b465ee728b)
Start importing Assets/01.Scripts/Game/GameManager.cs using Guid(b4efd902d665c5f4f976b5952eefc81d) Importer(815301076,1909f56bfc062723c751e8b465ee728b)  -> (artifact id: '7290e78eb48d93b6f6b9b5b5f9904fb3') in 0.021396 seconds
  Import took 0.050831 seconds .

========================================================================
Received Import Request.
  Time since last request: 215.097729 seconds.
  path: Assets/01.Scripts/Game/Stage
  artifactKey: Guid(83e6dc6cd630c60469ac74784e3f4b7c) Importer(815301076,1909f56bfc062723c751e8b465ee728b)
Start importing Assets/01.Scripts/Game/Stage using Guid(83e6dc6cd630c60469ac74784e3f4b7c) Importer(815301076,1909f56bfc062723c751e8b465ee728b)  -> (artifact id: '3f49a81cd0fd87d194f8b3710de65715') in 0.019469 seconds
  Import took 0.039073 seconds .

========================================================================
Received Import Request.
  Time since last request: 1.646630 seconds.
  path: Assets/01.Scripts/UI/Game
  artifactKey: Guid(44119eaabbbf6f14d97923eb8abaa52c) Importer(815301076,1909f56bfc062723c751e8b465ee728b)
Start importing Assets/01.Scripts/UI/Game using Guid(44119eaabbbf6f14d97923eb8abaa52c) Importer(815301076,1909f56bfc062723c751e8b465ee728b)  -> (artifact id: 'ee10c8f68c5778321708495c1f4ff85a') in 0.008535 seconds
  Import took 0.064667 seconds .

========================================================================
Received Import Request.
  Time since last request: 16.739316 seconds.
  path: Assets/98.Prefabs/Game/LevelObject/Block.prefab
  artifactKey: Guid(dd774c3f4c50df54d9bd458d8f17f574) Importer(815301076,1909f56bfc062723c751e8b465ee728b)
Start importing Assets/98.Prefabs/Game/LevelObject/Block.prefab using Guid(dd774c3f4c50df54d9bd458d8f17f574) Importer(815301076,1909f56bfc062723c751e8b465ee728b)  -> (artifact id: '4d83640804c257849b5db64a1b7de08a') in 0.077588 seconds
  Import took 0.090807 seconds .

========================================================================
Received Import Request.
  Time since last request: 3.835026 seconds.
  path: Assets/99.Data/Stage
  artifactKey: Guid(7244583f0ad793a47888cbad169ab468) Importer(815301076,1909f56bfc062723c751e8b465ee728b)
Start importing Assets/99.Data/Stage using Guid(7244583f0ad793a47888cbad169ab468) Importer(815301076,1909f56bfc062723c751e8b465ee728b)  -> (artifact id: 'e82ad3202b3864248d1fc003ae8c0aae') in 0.005814 seconds
  Import took 0.016462 seconds .

========================================================================
Received Import Request.
  Time since last request: 1.174463 seconds.
  path: Assets/99.Data/Stage/2.asset
  artifactKey: Guid(b1d6e25cf3d96a341824252feb9fbcfa) Importer(815301076,1909f56bfc062723c751e8b465ee728b)
Start importing Assets/99.Data/Stage/2.asset using Guid(b1d6e25cf3d96a341824252feb9fbcfa) Importer(815301076,1909f56bfc062723c751e8b465ee728b)  -> (artifact id: 'a93b1b899e88003995085875b3ed0d5b') in 0.023637 seconds
  Import took 0.039113 seconds .

========================================================================
Received Import Request.
  Time since last request: 0.643243 seconds.
  path: Assets/99.Data/Stage/1.asset
  artifactKey: Guid(b2d92899db1156445b9faaa1f57c1306) Importer(815301076,1909f56bfc062723c751e8b465ee728b)
Start importing Assets/99.Data/Stage/1.asset using Guid(b2d92899db1156445b9faaa1f57c1306) Importer(815301076,1909f56bfc062723c751e8b465ee728b)  -> (artifact id: 'afafa04c8b36f318c7fba4f2d36405b1') in 0.014873 seconds
  Import took 0.024288 seconds .

========================================================================
Received Import Request.
  Time since last request: 7.775575 seconds.
  path: Assets/Resources/Data/Settings/GameDataSetting.asset
  artifactKey: Guid(578f8740306d9c7469eabbff6b9c43ec) Importer(815301076,1909f56bfc062723c751e8b465ee728b)
Start importing Assets/Resources/Data/Settings/GameDataSetting.asset using Guid(578f8740306d9c7469eabbff6b9c43ec) Importer(815301076,1909f56bfc062723c751e8b465ee728b)  -> (artifact id: 'd7f61dd709f13f6a68c3307472f9f64f') in 0.064742 seconds
  Import took 0.085583 seconds .

========================================================================
Received Import Request.
  Time since last request: 7.036518 seconds.
  path: Assets/Resources/Data/Settings/StageDataSetting.asset
  artifactKey: Guid(ffa0c1f5726e8104786693255f57f52e) Importer(815301076,1909f56bfc062723c751e8b465ee728b)
Start importing Assets/Resources/Data/Settings/StageDataSetting.asset using Guid(ffa0c1f5726e8104786693255f57f52e) Importer(815301076,1909f56bfc062723c751e8b465ee728b)  -> (artifact id: 'a4f9f15ef87473f443d5510e8423c8c5') in 0.082695 seconds
  Import took 0.105616 seconds .

========================================================================
Received Prepare
Registering precompiled user dll's ...
Registered in 0.010130 seconds.
Begin MonoManager ReloadAssembly
Native extension for WindowsStandalone target not found
Refreshing native plugins compatible for Editor in 1.69 ms, found 0 plugins.
Preloading 0 native plugins for Editor in 0.00 ms.
Invoked RoslynAnalysisRunner static constructor.
RoslynAnalysisRunner will not be running.
RoslynAnalysisRunner has terminated.
Mono: successfully reloaded assembly
- Completed reload, in  1.017 seconds
Platform modules already initialized, skipping
Switching build target platform(5) subTarget(0) extendedPlatform(0) -> platform(13) subTarget(537395200) extendedPlatform(0)
Refreshing native plugins compatible for Editor in 1.53 ms, found 0 plugins.
Preloading 0 native plugins for Editor in 0.00 ms.
Unloading 3206 Unused Serialized files (Serialized files now loaded: 0)
System memory in use before: 193.1 MB.
System memory in use after: 193.4 MB.

Unloading 111 unused Assets to reduce memory usage. Loaded Objects now: 3727.
Total: 2.139700 ms (FindLiveObjects: 0.385000 ms CreateObjectMapping: 0.086600 ms MarkObjects: 1.630800 ms  DeleteObjects: 0.036100 ms)

AssetImportParameters requested are different than current active one (requested -> active):
  custom:graphics/normal-map-encoding: 01000000000000000000000000000000 -> 02000000000000000000000000000000
========================================================================
Received Prepare
Registering precompiled user dll's ...
Registered in 0.010835 seconds.
Begin MonoManager ReloadAssembly
Native extension for WindowsStandalone target not found
Refreshing native plugins compatible for Editor in 1.49 ms, found 0 plugins.
Preloading 0 native plugins for Editor in 0.00 ms.
Invoked RoslynAnalysisRunner static constructor.
RoslynAnalysisRunner will not be running.
RoslynAnalysisRunner has terminated.
Mono: successfully reloaded assembly
- Completed reload, in  0.897 seconds
Platform modules already initialized, skipping
Switching build target platform(5) subTarget(0) extendedPlatform(0) -> platform(13) subTarget(537395200) extendedPlatform(0)
Refreshing native plugins compatible for Editor in 1.56 ms, found 0 plugins.
Preloading 0 native plugins for Editor in 0.00 ms.
Unloading 3206 Unused Serialized files (Serialized files now loaded: 0)
System memory in use before: 193.2 MB.
System memory in use after: 193.4 MB.

Unloading 111 unused Assets to reduce memory usage. Loaded Objects now: 3729.
Total: 2.251200 ms (FindLiveObjects: 0.333700 ms CreateObjectMapping: 0.090900 ms MarkObjects: 1.773000 ms  DeleteObjects: 0.052900 ms)

AssetImportParameters requested are different than current active one (requested -> active):
  custom:graphics/normal-map-encoding: 01000000000000000000000000000000 -> 02000000000000000000000000000000
========================================================================
Received Prepare
Registering precompiled user dll's ...
Registered in 0.011369 seconds.
Begin MonoManager ReloadAssembly
Native extension for WindowsStandalone target not found
Refreshing native plugins compatible for Editor in 1.47 ms, found 0 plugins.
Preloading 0 native plugins for Editor in 0.00 ms.
Invoked RoslynAnalysisRunner static constructor.
RoslynAnalysisRunner will not be running.
RoslynAnalysisRunner has terminated.
Mono: successfully reloaded assembly
- Completed reload, in  0.925 seconds
Platform modules already initialized, skipping
Switching build target platform(5) subTarget(0) extendedPlatform(0) -> platform(13) subTarget(537395200) extendedPlatform(0)
Refreshing native plugins compatible for Editor in 1.49 ms, found 0 plugins.
Preloading 0 native plugins for Editor in 0.00 ms.
Unloading 3206 Unused Serialized files (Serialized files now loaded: 0)
System memory in use before: 193.2 MB.
System memory in use after: 193.5 MB.

Unloading 111 unused Assets to reduce memory usage. Loaded Objects now: 3731.
Total: 2.618400 ms (FindLiveObjects: 0.492400 ms CreateObjectMapping: 0.089000 ms MarkObjects: 1.975700 ms  DeleteObjects: 0.059900 ms)

AssetImportParameters requested are different than current active one (requested -> active):
  custom:graphics/normal-map-encoding: 01000000000000000000000000000000 -> 02000000000000000000000000000000
AssetImportWorkerClient::OnTransportError - code=2 error=End of file
